c:\users\marcin\documents\katedra-gotycka\katedragotycka\katedragotycka\debug\vc120.pdb
c:\users\marcin\documents\katedra-gotycka\katedragotycka\katedragotycka\debug\vc120.idb
c:\users\marcin\documents\katedra-gotycka\katedragotycka\katedragotycka\debug\katedra.obj
c:\users\marcin\documents\katedra-gotycka\katedragotycka\katedragotycka\debug\materialimporter.obj
c:\users\marcin\documents\katedra-gotycka\katedragotycka\katedragotycka\debug\mesh.obj
c:\users\marcin\documents\katedra-gotycka\katedragotycka\katedragotycka\debug\modelfragment.obj
c:\users\marcin\documents\katedra-gotycka\katedragotycka\katedragotycka\debug\modelfragmentimporter.obj
c:\users\marcin\documents\katedra-gotycka\katedragotycka\katedragotycka\debug\modelimporter.obj
c:\users\marcin\documents\katedra-gotycka\katedragotycka\katedragotycka\debug\shaderprogram.obj
c:\users\marcin\documents\katedra-gotycka\katedragotycka\katedragotycka\debug\tga.obj
c:\users\marcin\documents\katedra-gotycka\katedragotycka\katedragotycka\debug\shaderbuilder.obj
c:\users\marcin\documents\katedra-gotycka\katedragotycka\debug\katedragotycka.ilk
c:\users\marcin\documents\katedra-gotycka\katedragotycka\debug\katedragotycka.exe
c:\users\marcin\documents\katedra-gotycka\katedragotycka\debug\katedragotycka.pdb
c:\users\marcin\documents\katedra-gotycka\katedragotycka\katedragotycka\debug\katedragotycka.tlog\cl.command.1.tlog
c:\users\marcin\documents\katedra-gotycka\katedragotycka\katedragotycka\debug\katedragotycka.tlog\cl.read.1.tlog
c:\users\marcin\documents\katedra-gotycka\katedragotycka\katedragotycka\debug\katedragotycka.tlog\cl.write.1.tlog
c:\users\marcin\documents\katedra-gotycka\katedragotycka\katedragotycka\debug\katedragotycka.tlog\link.command.1.tlog
c:\users\marcin\documents\katedra-gotycka\katedragotycka\katedragotycka\debug\katedragotycka.tlog\link.read.1.tlog
c:\users\marcin\documents\katedra-gotycka\katedragotycka\katedragotycka\debug\katedragotycka.tlog\link.write.1.tlog
